Removed Pin From Net: NetName=NetC1_2 Pin=R1-1
Removed Pin From Net: NetName=GND Pin=R1-2
Removed Pin From Net: NetName=NetMC1_8 Pin=R4-1
Removed Pin From Net: NetName=NetL2_2 Pin=R4-2
Removed Pin From Net: NetName=NetL2_2 Pin=R5-1
Removed Pin From Net: NetName=VIN Pin=R5-2
Removed Pin From Net: NetName=NetMC1_5 Pin=R6-1
Removed Pin From Net: NetName=VUP Pin=R6-2
Removed Pin From Net: NetName=GND Pin=R8-1
Removed Pin From Net: NetName=NetMC1_5 Pin=R8-2
Change Component Footprint: Designator=R1 Old Footprint=0805R New Footprint=RES-0603
Change Component Footprint: Designator=R3 Old Footprint=0805R New Footprint=RES-0603
Change Component Footprint: Designator=R4 Old Footprint=0805R New Footprint=RES-0603
Change Component Footprint: Designator=R5 Old Footprint=0805R New Footprint=RES-0603
Change Component Footprint: Designator=R6 Old Footprint=0805R New Footprint=RES-0603
Change Component Footprint: Designator=R8 Old Footprint=0805R New Footprint=RES-0603
Change Component Library : Designator=C7 Old Library=smartcar_example.SchLib New Library=K60-mainboard-v3.1.SCHLIB
Added Pin To Net: NetName=GND Pin=R1-1
Added Pin To Net: NetName=NetC1_2 Pin=R1-2
Added Pin To Net: NetName=NetL2_2 Pin=R4-1
Added Pin To Net: NetName=NetMC1_8 Pin=R4-2
Added Pin To Net: NetName=VIN Pin=R5-1
Added Pin To Net: NetName=NetL2_2 Pin=R5-2
Added Pin To Net: NetName=VUP Pin=R6-1
Added Pin To Net: NetName=NetMC1_5 Pin=R6-2
Added Pin To Net: NetName=NetMC1_5 Pin=R8-1
Added Pin To Net: NetName=GND Pin=R8-2
