Removed Pin From Net: NetName=GND Pin=C5-2
Removed Pin From Net: NetName=VIN Pin=C6-1
Removed Pin From Net: NetName=GND Pin=C6-2
Removed Pin From Net: NetName=GND Pin=C7-1
Removed Pin From Net: NetName=GND Pin=MC1-2
Removed Pin From Net: NetName=GND Pin=MC1-4
Removed Pin From Net: NetName=VIN Pin=MC1-6
Removed Pin From Net: NetName=GND Pin=P1-2
Removed Pin From Net: NetName=VIN Pin=P1-4
Removed Pin From Net: NetName=GND Pin=P2-1
Removed Pin From Net: NetName=GND Pin=P2-2
Removed Pin From Net: NetName=VIN Pin=R5-1
Removed Pin From Net: NetName=GND Pin=R8-2
Change Net Name : Old Net Name=GND New Net Name=DGND
Change Net Name : Old Net Name=VIN New Net Name=VD_IN
Added Pin To Net: NetName=GND Pin=P2-1
Added Pin To Net: NetName=GND Pin=P2-2
Added Net: Name=GND
Added Pin To Net: NetName=UPGND Pin=C5-2
Added Pin To Net: NetName=UPGND Pin=C6-2
Added Pin To Net: NetName=UPGND Pin=C7-1
Added Pin To Net: NetName=UPGND Pin=MC1-2
Added Pin To Net: NetName=UPGND Pin=MC1-4
Added Pin To Net: NetName=UPGND Pin=P1-2
Added Pin To Net: NetName=UPGND Pin=R8-2
Added Net: Name=UPGND
Added Pin To Net: NetName=VUP_IN Pin=C6-1
Added Pin To Net: NetName=VUP_IN Pin=MC1-6
Added Pin To Net: NetName=VUP_IN Pin=P1-4
Added Pin To Net: NetName=VUP_IN Pin=R5-1
Added Net: Name=VUP_IN
